227313006
10518348384
227313006
10518348384
227313006
10518348384
227313006
10518348384
227313006
10518348384
227313006
10518348384
227313006
10518348384
227313006
10518348384
227313006
10518348384
227313006
10518348384
227313006
10518348384
227313006
10518348384
227313006
10518348384
227313006
10518348384
227313006
10518348384
227313006
10518348384
227313006
10518348384
227313006
10518348384
227313006
10518348384
227313006
10518348384
227313006
10518348384
227313006
10518348384
227313006
10518348384
227313006
10518348384
227313006
10518348384
227313006
10518348384
227313006
10518348384
227313006
10518348384
