673873269
1018970032012
673873269
1018970032012
673873269
1018970032012
673873269
1018970032012
673873269
1018970032012
673873269
1018970032012
673873269
1018970032012
673873269
1018970032012
673873269
1018970032012
673873269
1018970032012
673873269
1018970032012
673873269
1018970032012
673873269
1018970032012
673873269
1018970032012
673873269
1018970032012
673873269
1018970032012
673873269
1018970032012
673873269
1018970032012
673873269
1018970032012
673873269
1018970032012
673873269
1018970032012
673873269
1018970032012
673873269
1018970032012
673873269
1018970032012
673873269
1018970032012
673873269
1018970032012
673873269
1018970032012
673873269
1018970032012
