3098877
1158935171
3098893
1158938579
3098903
1158941367
3098913
1158944139
3098924
1158946997
3098934
1158949785
3098944
1158952573
3098954
1158955361
3099040
1158989033
3099104
1158998589
3099222
1159014653
3099232
1159017441
3099242
1159020229
3099252
1159023017
3099263
1159025869
3099273
1159028657
3099327
1159056375
3099337
1159059163
3099347
1159061951
3099357
1159064739
3099367
1159067527
3099377
1159070315
3099387
1159073103
3099397
1159075891
3099407
1159078679
3099456
1159103273
3099470
1159109063
3099480
1159111851
3099490
1159114639
3099500
1159117427
3099509
1159120093
3099519
1159122881
3099529
1159125669
3099539
1159128457
3099685
1159169605
3099748
1159178935
3099810
1159188211
3099821
1159191069
3099831
1159193857
3099841
1159196645
3099851
1159199433
3099866
1159202751
3099912
1159226979
3099927
1159232875
3099937
1159235663
3099947
1159238451
3099958
1159241303
3099968
1159244091
3099978
1159246879
3099988
1159249667
3099998
1159252455
3100053
1159280279
3100063
1159283067
3100073
1159285855
3100076
1159287785
3100086
1159290573
3100096
1159293361
3100106
1159296149
3100116
1159298937
3100197
1159329449
3100266
1159342077
3100327
1159351179
3100390
1159360525
3100401
1159363383
3100405
1159365471
3100415
1159368259
3100425
1159371047
3100435
1159373835
3100485
1159398551
3100499
1159404341
3100511
1159407341
3100523
1159410341
3100536
1159413447
3100552
1159416871
3100566
1159420083
3100581
1159423401
3100635
1159448541
3100649
1159454331
3100660
1159457225
3100670
1159460013
3100680
1159462801
3100691
1159465653
3100701
1159468441
3100711
1159471229
3100721
1159474017
3100808
1159507795
3100870
1159517019
3100984
1159532923
3100997
1159535921
3101007
1159538709
3101017
1159541533
3101027
1159544321
3101037
1159547109
3101091
1159574827
3101102
1159577721
3101112
1159580509
3101122
1159583297
3101132
1159586085
3101142
1159588873
3101152
1159591661
3101163
1159594555
3101173
1159597343
3101227
1159625061
3101237
1159627849
3101247
1159630637
3101257
1159633425
3101267
1159636213
3101277
1159639001
3101287
1159641789
3101297
1159644577
3101378
1159675141
3101446
1159687699
3101508
1159696907
3101571
1159706289
3101582
1159709147
3101599
1159712671
3101610
1159715565
3101622
1159718565
3101632
1159721353
3101686
1159749071
3101697
1159751965
3101707
1159754753
3101710
1159756683
3101720
1159759471
3101730
1159762259
3101740
1159765047
3101750
1159767835
3101760
1159770623
3101815
1159798447
3101825
1159801235
3101836
1159804129
3101851
1159807447
3101861
1159810271
3101871
1159813059
3101884
1159816165
3101897
1159819271
3101991
1159853735
3102060
1159863821
3102130
1159874013
3102190
1159883099
3102204
1159886189
3102222
1159889783
3102233
1159892677
3102246
1159895783
3102256
1159898571
3102311
1159926395
3102321
1159929183
3102331
1159931971
3102341
1159934759
3102351
1159937547
3102361
1159940335
3102371
1159943123
3102381
1159945911
3102425
1159967678
3102445
1159976417
3102455
1159979205
3102466
1159982099
3102476
1159984887
3102486
1159987675
3102499
1159990781
3102510
1159993675
3102520
1159996463
3102661
1160036937
3102722
1160046039
3102784
1160055315
3102795
1160058173
3102805
1160060961
3102815
1160063749
3102826
1160066829
3102837
1160069495
3102887
1160094211
3102901
1160100001
3102911
1160102789
3102921
1160105577
3102924
1160107507
3102937
1160110613
3102947
1160113401
3102957
1160116189
3102969
1160119225
3103020
1160141734
3103046
1160151109
3103061
1160154427
3103071
1160157215
3103084
1160160321
3103095
1160163215
3103105
1160166003
3103116
1160168855
3103202
1160199877
3103269
1160212313
3103332
1160221643
3103394
1160230867
3103407
1160233937
3103417
1160236725
3103427
1160239513
3103437
1160242301
3103447
1160245089
3103490
1160266734
3103510
1160275473
3103520
1160278261
3103531
1160281155
3103542
1160284007
3103552
1160286795
3103562
1160289583
3103572
1160292371
3103625
1160320019
3103635
1160322807
3103645
1160325595
3103655
1160328383
3103665
1160331171
3103676
1160334065
3103686
1160336853
3103696
1160339641
3103707
1160342535
3103790
1160373239
3103849
1160384607
3103965
1160400651
3103977
1160403573
3103987
1160406361
3103997
1160409149
3104007
1160411937
3104017
1160414725
3104072
1160442513
3104082
1160445301
3104092
1160448089
3104102
1160450877
3104112
1160453665
3104122
1160456453
3104132
1160459241
3104142
1160462029
3104153
1160464923
3104203
1160489639
3104217
1160495429
3104227
1160498217
3104237
1160501005
3104249
1160503963
3104259
1160506751
3104269
1160509539
3104279
1160512327
3104364
1160545893
