6239127
5511395999
6239145
5511397321
6239156
5511398085
6239168
5511398977
6239181
5511399975
6239194
5511400931
6239205
5511401727
6239216
5511402491
6239293
5511411369
6239357
5511418125
6239474
5511430609
6239485
5511431405
6239496
5511432169
6239508
5511433061
6239521
5511433985
6239531
5511434685
6239579
5511439883
6239590
5511440647
6239605
5511441791
6239618
5511442747
6239629
5511443543
6239642
5511444499
6239654
5511445359
6239666
5511446251
6239678
5511447111
6239720
5511451817
6239735
5511452913
6239746
5511453709
6239759
5511454665
6239771
5511455525
6239780
5511456155
6239793
5511457111
6239804
5511457907
6239815
5511458671
6239954
5511474165
6240014
5511480521
6240076
5511486963
6240089
5511487899
6240103
5511488915
6240116
5511489903
6240128
5511490825
6240146
5511492131
6240185
5511496653
6240199
5511497627
6240211
5511498519
6240223
5511499379
6240236
5511500303
6240248
5511501195
6240259
5511501959
6240270
5511502755
6240283
5511503711
6240328
5511508627
6240342
5511509679
6240353
5511510443
6240356
5511510679
6240369
5511511635
6240379
5511512335
6240391
5511513195
6240404
5511514151
6240475
5511522300
6240539
5511529365
6240596
5511535511
6240659
5511541997
6240672
5511542959
6240682
5511543747
6240696
5511544799
6240706
5511545499
6240718
5511546359
6240762
5511551257
6240776
5511552257
6240789
5511553249
6240801
5511554089
6240816
5511555159
6240834
5511556471
6240849
5511557515
6240868
5511558917
6240915
5511563973
6240929
5511564973
6240942
5511565935
6240953
5511566699
6240964
5511567495
6240978
5511568515
6240990
5511569375
6241002
5511570267
6241013
5511571031
6241090
5511579883
6241154
5511586629
6241269
5511598911
6241284
5511600049
6241295
5511600813
6241306
5511601609
6241319
5511602565
6241329
5511603265
6241377
5511608463
6241389
5511609297
6241400
5511610093
6241413
5511611049
6241423
5511611749
6241437
5511612801
6241448
5511613565
6241459
5511614397
6241472
5511615353
6241516
5511620199
6241528
5511621059
6241541
5511622015
6241552
5511622811
6241564
5511623671
6241575
5511624467
6241587
5511625327
6241598
5511626123
6241673
5511634855
6241739
5511641751
6241800
5511648203
6241865
5511654829
6241878
5511655765
6241897
5511657109
6241911
5511658135
6241924
5511659071
6241936
5511659931
6241981
5511664873
6241994
5511665803
6242005
5511666599
6242010
5511666995
6242022
5511667855
6242033
5511668651
6242045
5511669511
6242056
5511670307
6242068
5511671167
6242116
5511676339
6242127
5511677135
6242140
5511678101
6242156
5511679247
6242168
5511680107
6242181
5511681063
6242195
5511682069
6242210
5511683139
6242291
5511692375
6242362
5511699621
6242427
5511706389
6242491
5511712971
6242508
5511714041
6242527
5511715391
6242540
5511716321
6242554
5511717327
6242566
5511718187
6242614
5511723359
6242625
5511724155
6242637
5511725015
6242648
5511725811
6242660
5511726671
6242671
5511727467
6242684
5511728423
6242696
5511729283
6242734
5511733444
6242753
5511735085
6242764
5511735881
6242777
5511736811
6242790
5511737767
6242801
5511738563
6242816
5511739633
6242828
5511740535
6242840
5511741395
6242973
5511756443
6243030
5511762615
6243095
5511769241
6243108
5511770177
6243120
5511771037
6243131
5511771833
6243144
5511772993
6243158
5511773783
6243201
5511778585
6243215
5511779585
6243226
5511780381
6243238
5511781241
6243243
5511781637
6243257
5511782643
6243269
5511783503
6243280
5511784299
6243294
5511785299
6243340
5511790020
6243366
5511792177
6243383
5511793387
6243394
5511794183
6243409
5511795253
6243421
5511796119
6243433
5511796979
6243447
5511797999
6243525
5511806921
6243588
5511813607
6243650
5511820129
6243714
5511826721
6243729
5511827797
6243742
5511828753
6243754
5511829613
6243765
5511830409
6243777
5511831269
6243815
5511835430
6243835
5511837167
6243848
5511838181
6243861
5511839201
6243874
5511840125
6243888
5511841231
6243900
5511842091
6243913
5511843047
6243958
5511848073
6243970
5511848933
6243981
5511849729
6243993
5511850589
6244004
5511851385
6244018
5511852411
6244030
5511853271
6244042
5511854221
6244055
5511855151
6244129
5511863793
6244186
5511870023
6244301
5511882367
6244315
5511883367
6244327
5511884227
6244338
5511885023
6244350
5511885883
6244363
5511886839
6244407
5511891747
6244418
5511892543
6244430
5511893403
6244441
5511894199
6244454
5511895213
6244467
5511896169
6244478
5511896965
6244489
5511897729
6244502
5511898691
6244546
5511903557
6244558
5511904397
6244572
5511905449
6244583
5511906213
6244597
5511907239
6244609
5511908099
6244619
5511908799
6244633
5511909851
6244709
5511918601
