5079892
1622788217
5079893
1622788313
5079907
1622791774
5079908
1622791870
5079921
1622795267
5079936
1622798824
5079937
1622798920
5080046
1622837581
5080144
1622869717
5080220
1622881322
5080284
1622889626
5080339
1622898220
5080352
1622901617
5080353
1622901713
5080367
1622905174
5080368
1622905270
5080400
1622917045
5080478
1622949392
5080482
1622949740
5080498
1622953393
5080499
1622953489
5080512
1622956886
5080513
1622956982
5080527
1622960475
5080559
1622972250
5080616
1622998894
5080629
1623002291
5080630
1623002387
5080644
1623005848
5080658
1623009341
5080659
1623009437
5080672
1623012834
5080674
1623012994
5080783
1623051655
5080890
1623086167
5081027
1623105584
5081084
1623114574
5081085
1623114670
5081102
1623118383
5081105
1623118671
5081118
1623122068
5081151
1623133939
5081208
1623160583
5081221
1623163980
5081222
1623164076
5081236
1623167537
5081238
1623167697
5081252
1623171190
5081265
1623174587
5081266
1623174683
5081298
1623186458
5081354
1623213032
5081367
1623216429
5081382
1623219986
5081383
1623220082
5081396
1623223479
5081397
1623223575
5081410
1623226972
5081411
1623227068
5081630
1623300445
5081706
1623312050
5081767
1623319862
5081825
1623328922
5081826
1623329018
5081841
1623332571
5081858
1623336352
5081858
1623336352
5081891
1623348223
5081947
1623374797
5081959
1623378098
5081975
1623381751
5081975
1623381751
5081989
1623385244
5081990
1623385340
5082002
1623388641
5082004
1623388833
5082100
1623429462
5082114
1623432955
5082115
1623433051
5082128
1623436416
5082131
1623436672
5082145
1623440133
5082159
1623443626
5082160
1623443722
5082270
1623482427
5082378
1623517035
5082451
1623528148
5082514
1623536262
5082574
1623545602
5082586
1623548903
5082588
1623549095
5082601
1623552492
5082601
1623552492
5082634
1623564363
5082702
1623594238
5082704
1623594430
5082718
1623597891
5082718
1623597891
5082732
1623601384
5082745
1623604781
5082747
1623604973
5082779
1623616748
5082843
1623645602
5082857
1623649095
5082858
1623649191
5082873
1623652748
5082886
1623656145
5082886
1623656145
5082900
1623659638
5082901
1623659734
5083010
1623698369
5083185
1623742206
5083245
1623749922
5083303
1623759008
5083306
1623759232
5083318
1623762533
5083320
1623762725
5083333
1623766122
5083366
1623777993
5083431
1623806943
5083443
1623810244
5083445
1623810436
5083459
1623813897
5083474
1623817454
5083475
1623817550
5083487
1623820851
5083488
1623820947
5083521
1623832818
5083585
1623861670
5083600
1623865259
5083613
1623868623
5083614
1623868719
5083628
1623872212
5083628
1623872212
5083643
1623875801
5083751
1623914366
5083861
1623949138
5083938
1623960839
5084001
1623969047
5084052
1623977283
5084054
1623980776
5084069
1623981000
5084083
1623984493
5084083
1623984493
5084115
1623996268
5084172
1624022938
5084185
1624026335
5084200
1624029892
5084200
1624029892
5084213
1624033289
5084215
1624033481
5084227
1624036782
5084261
1624048749
5084306
1624073626
5084338
1624081000
5084340
1624081192
5084353
1624084557
5084354
1624084653
5084369
1624088210
5084382
1624091607
5084384
1624091799
5084494
1624130504
5084601
1624165016
5084675
1624176225
5084795
1624193423
5084797
1624193615
5084809
1624196916
5084810
1624197012
5084826
1624200633
5084826
1624212408
5084915
1624239078
5084927
1624242379
5084928
1624242475
5084943
1624246032
5084943
1624246032
5084958
1624249621
5084970
1624252922
5084971
1624253018
5085004
1624264889
5085063
1624292948
5085081
1624297140
5085096
1624300697
5085097
1624300793
5085111
1624304286
5085111
1624304286
5085124
1624307683
5085125
1624307779
5085344
1624381162
5085420
1624392767
5085481
1624400579
5085538
1624409569
5085539
1624409665
5085553
1624413126
5085567
1624416619
5085568
1624416715
5085600
1624428490
5085654
1624455234
5085679
1624460901
5085695
1624464612
5085698
1624464926
5085711
1624468323
5085715
1624468729
5085728
1624472126
5085729
1624472222
5085817
1624510655
5085830
1624514052
5085831
1624514148
5085845
1624517609
5085846
1624517705
5085859
1624521102
5085873
1624524595
5085875
1624524845
5085986
1624563645
5086081
1624595289
5086157
1624606894
5086221
1624615198
5086279
1624624284
5086292
1624627681
5086293
1624627777
5086306
1624631174
5086307
1624631270
5086395
1624669619
5086408
1624673016
5086410
1624673176
5086425
1624676707
5086427
1624676957
5086440
1624680354
5086454
1624683847
5086455
1624683943
5086487
1624695718
5086552
1624724668
5086565
1624728065
5086566
1624728161
5086582
1624731782
5086596
1624735243
5086597
1624735339
5086610
1624738736
5086611
1624738832
5086828
1624812075
