4772637
746204897
4772637
746204897
4772652
746207121
4772652
746207121
4772667
746209345
4772683
746211633
4772683
746211633
4772818
746231567
4772920
746250523
4773005
746263065
4773077
746273443
4773141
746282290
4773156
746284514
4773156
746284514
4773172
746286802
4773172
746286802
4773210
746292096
4773286
746308267
4773286
746308267
4773301
746310491
4773301
746310491
4773316
746312715
4773316
746312715
4773331
746314939
4773369
746320233
4773423
746332529
4773438
746334753
4773438
746334753
4773453
746336977
4773468
746339201
4773468
746339201
4773483
746341425
4773484
746341489
4773619
746361423
4773730
746382740
4773879
746404718
4773948
746414297
4773948
746414297
4773964
746416585
4773964
746416585
4773979
746418809
4774017
746424103
4774070
746436745
4774085
746438969
4774085
746438969
4774100
746441193
4774101
746441257
4774116
746443481
4774131
746445705
4774131
746445705
4774169
746450999
4774221
746463385
4774236
746465609
4774251
746467833
4774251
746467833
4774266
746470057
4774266
746470057
4774281
746472281
4774281
746472281
4774524
746513540
4774607
746525942
4774671
746535378
4774740
746544957
4774740
746544957
4774755
746547181
4774770
746549405
4774770
746549405
4774808
746554699
4774861
746567571
4774876
746569795
4774891
746572019
4774891
746572019
4774906
746574243
4774906
746574243
4774921
746576467
4774921
746576467
4775021
746596178
4775036
746598402
4775036
746598402
4775051
746600626
4775052
746600690
4775068
746602978
4775083
746605202
4775083
746605202
4775214
746624868
4775325
746646409
4775406
746658289
4775476
746668405
4775547
746678240
4775562
746680464
4775562
746680464
4775577
746682688
4775577
746682688
4775615
746687982
4775682
746702592
4775682
746702592
4775697
746704816
4775697
746704816
4775712
746707040
4775712
746709264
4775727
746709264
4775765
746714558
4775827
746728975
4775842
746731199
4775842
746731199
4775857
746733423
4775872
746735647
4775872
746735647
4775887
746737871
4775887
746737871
4776020
746757677
4776206
746789729
4776272
746799305
4776341
746808884
4776343
746809012
4776358
746811236
4776358
746811236
4776373
746813460
4776411
746818754
4776473
746833587
4776488
746835811
4776488
746835811
4776503
746838035
4776519
746840323
4776519
746840323
4776534
746842547
4776534
746842547
4776572
746847841
4776633
746861978
4776648
746864202
4776663
746866426
4776663
746866426
4776678
746868650
4776678
746868650
4776693
746870874
4776828
746890808
4776939
746912227
4777024
746924769
4777092
746934867
4777155
746943540
4777155
746945764
4777172
746945892
4777187
746948116
4777187
746948116
4777225
746953410
4777277
746965780
4777292
746968004
4777307
746970228
4777307
746970228
4777322
746972452
4777322
746972452
4777337
746974676
4777375
746979970
4777412
746984977
4777451
746996349
4777451
746996349
4777466
746998573
4777466
746998573
4777482
747000861
4777497
747003085
4777497
747003085
4777633
747023089
4777745
747044492
4777826
747056372
4777965
747076189
4777965
747076189
4777980
747078413
4777980
747078413
4777997
747080765
4777997
747086059
4778087
747098445
4778102
747100669
4778102
747100669
4778117
747102893
4778117
747102893
4778132
747105117
4778147
747107341
4778147
747107341
4778185
747112635
4778240
747125451
4778262
747129084
4778277
747131308
4778277
747131308
4778292
747133532
4778292
747133532
4778307
747135756
4778307
747135756
4778554
747177307
4778637
747189709
4778703
747199285
4778772
747208864
4778772
747208864
4778788
747211152
4778803
747213376
4778803
747213376
4778841
747218670
4778891
747229869
4778919
747235375
4778934
747237599
4778935
747237663
4778950
747239887
4778950
747239887
4778965
747242111
4778965
747242111
4779054
747259929
4779069
747262153
4779069
747262153
4779084
747264377
4779084
747264377
4779099
747266601
4779114
747268825
4779114
747268825
4779249
747288759
4779346
747307415
4779433
747320097
4779501
747330195
4779571
747339844
4779586
747342068
4779586
747342068
4779601
747344292
4779601
747344292
4779693
747362528
4779708
747364752
4779709
747364816
4779724
747367040
4779724
747367040
4779739
747369264
4779754
747371488
4779754
747371488
4779792
747376782
4779854
747391407
4779869
747393631
4779869
747393631
4779885
747395919
4779901
747398207
4779901
747398207
4779916
747400431
4779916
747400431
4780162
747442104
