3095804
1158058487
3095824
1158063391
3095841
1158067913
3095858
1158072471
3095875
1158076977
3095934
1158106289
3095953
1158110951
3095970
1158115473
3095987
1158119995
3096008
1158124941
3096025
1158129499
3096042
1158134021
3096059
1158138543
3096076
1158143065
3096171
1158178647
3096240
1158189605
3096363
1158207383
3096381
1158212011
3096399
1158216597
3096416
1158221155
3096433
1158225677
3096450
1158230199
3096510
1158256967
3096531
1158264491
3096549
1158269155
3096566
1158273677
3096583
1158278199
3096600
1158282827
3096619
1158287455
3096630
1158291225
3096647
1158295747
3096711
1158322975
3096732
1158330499
3096749
1158335021
3096766
1158339543
3096783
1158344065
3096800
1158348587
3096817
1158353109
3096836
1158357915
3096934
1158393779
3097004
1158404843
3097067
1158415153
3097136
1158426163
3097154
1158430755
3097172
1158435341
3097181
1158438883
3097198
1158443405
3097221
1158448563
3097281
1158477877
3097298
1158482399
3097317
1158487133
3097335
1158491761
3097352
1158496283
3097369
1158500805
3097386
1158505327
3097403
1158509849
3097420
1158514371
3097473
1158542843
3097490
1158547365
3097507
1158551887
3097524
1158556409
3097541
1158560931
3097558
1158565453
3097567
1158568995
3097584
1158573517
3097681
1158609219
3097754
1158620721
3097822
1158631749
3097890
1158642521
3097909
1158647177
3097926
1158651699
3097943
1158656221
3097960
1158660743
3097977
1158665265
3098041
1158692457
3098054
1158699001
3098071
1158703523
3098088
1158708081
3098097
1158711623
3098116
1158716357
3098133
1158720879
3098150
1158725401
3098207
1158751851
3098228
1158759375
3098245
1158763897
3098262
1158768419
3098279
1158772941
3098300
1158777887
3098323
1158783045
