6236012
5511112499
6236036
5511114287
6236054
5511115573
6236073
5511116923
6236093
5511118369
6236143
5511123661
6236164
5511125151
6236182
5511126437
6236201
5511127787
6236215
5511128829
6236227
5511129715
6236246
5511131065
6236264
5511132351
6236283
5511133701
6236369
5511143183
6236439
5511150323
6236559
5511163017
6236579
5511164443
6236599
5511165857
6236617
5511167143
6236636
5511168493
6236654
5511169779
6236708
5511175371
6236729
5511176861
6236747
5511178147
6236766
5511179497
6236784
5511180783
6236803
5511182299
6236820
5511183405
6236831
5511184201
6236850
5511185551
6236907
5511191333
6236928
5511192823
6236948
5511194269
6236966
5511195555
6236985
5511196905
6237003
5511198191
6237022
5511199541
6237042
5511200967
6237130
5511210609
6237198
5511217609
6237259
5511224097
6237326
5511230863
6237346
5511232289
6237366
5511233703
6237377
5511234519
6237395
5511235805
6237415
5511237261
6237466
5511242623
6237485
5511243973
6237505
5511245399
6237526
5511246915
6237545
5511248265
6237563
5511249551
6237582
5511250901
6237600
5511252187
6237619
5511253537
6237667
5511258751
6237687
5511260229
6237706
5511261579
6237724
5511262865
6237743
5511264215
6237761
5511265501
6237772
5511266317
6237791
5511267667
6237874
5511277043
6237944
5511284255
6238007
5511290779
6238076
5511297673
6238099
5511299323
6238117
5511300609
6238136
5511301959
6238154
5511303245
6238173
5511304595
6238226
5511310097
6238239
5511311053
6238258
5511312403
6238276
5511313689
6238286
5511314409
6238306
5511315835
6238325
5511317185
6238345
5511318631
6238395
5511323923
6238416
5511325413
6238434
5511326699
6238454
5511328155
6238474
5511329601
6238495
5511331097
6238519
5511332797
