5076758
1621867287
5076772
1621870780
5076774
1621870908
5076786
1621874241
5076789
1621874497
5076885
1621915126
5076898
1621918555
5076900
1621918683
5076912
1621922016
5076915
1621922272
5076926
1621925509
5076941
1621929098
5076942
1621929162
5077053
1621967969
5077162
1622002641
5077233
1622013594
5077299
1622022026
5077357
1622031112
5077369
1622034445
5077372
1622034701
5077383
1622037938
5077386
1622038162
5077418
1622049969
5077495
1622082220
5077499
1622082540
5077510
1622085777
5077512
1622085937
5077526
1622089430
5077527
1622092827
5077542
1622093083
5077572
1622104698
5077638
1622133712
5077651
1622137141
5077653
1622137269
5077665
1622140858
5077679
1622144095
5077681
1622144255
5077694
1622147684
5077695
1622147748
5077805
1622186485
5077915
1622221221
5078052
1622240606
5078108
1622249564
5078110
1622249692
5078122
1622253025
5078125
1622253281
5078138
1622256678
5078170
1622268485
5078226
1622295027
5078238
1622298360
5078242
1622298680
5078253
1622301917
5078268
1622305506
5078269
1622305570
5078281
1622308903
5078283
1622309063
5078314
1622320774
5078382
1622349942
5078401
1622353851
5078413
1622357184
5078415
1622357344
5078428
1622360741
5078430
1622360901
5078442
1622364234
5078554
1622403131
5078665
1622437967
5078737
1622449246
5078800
1622457186
5078855
1622466048
5078858
1622466272
5078872
1622469765
5078884
1622473098
5078886
1622473258
5078917
1622484969
5078983
1622513983
5078995
1622517316
5079010
1622520873
5079012
1622521033
5079024
1622524366
5079026
1622524526
5079038
1622527859
5079040
1622528019
5079137
1622568744
5079149
1622572077
5079152
1622572301
5079164
1622575634
5079167
1622575858
5079181
1622579351
5079193
1622582684
