4769254
745649538
4769270
745651826
4769271
745651890
4769286
745654114
4769286
745654114
4769385
745673339
4769400
745675563
4769400
745675563
4769415
745677787
4769415
745677787
4769430
745680011
4769445
745682235
4769445
745682235
4769578
745702041
4769691
745723098
4769768
745734698
4769838
745744936
4769909
745754649
4769924
745756873
4769924
745756873
4769939
745759097
4769940
745759161
4769978
745764455
4770054
745780402
4770054
745780402
4770069
745782626
4770069
745782626
4770085
745784914
4770085
745787138
4770100
745787138
4770138
745792432
4770200
745806417
4770215
745808641
4770215
745808641
4770230
745810865
4770245
745813089
4770245
745813089
4770260
745815313
4770260
745815313
4770395
745835247
4770504
745855810
4770654
745877858
4770721
745887297
4770722
745887361
4770737
745889585
4770737
745889585
4770752
745891809
4770790
745897103
4770842
745909265
4770857
745911489
4770857
745911489
4770872
745913713
4770887
745915937
4770887
745915937
4770902
745918161
4770902
745918161
4770940
745923455
4771001
745937400
4771017
745939688
4771032
745941912
4771032
745941912
4771048
745944200
4771048
745944200
4771063
745946424
4771199
745966428
4771309
745987585
4771394
746000023
4771461
746009669
4771530
746019248
4771531
746019312
4771546
746021536
4771561
746023760
4771561
746023760
4771599
746029054
4771660
746043001
4771675
746045225
4771690
746047449
4771690
746047449
4771705
746049673
4771705
746049673
4771720
746051897
4771720
746051897
4771819
746071330
4771834
746073554
4771834
746073554
4771849
746075778
4771850
746075842
4771865
746078066
4771880
746080290
